Using pre-set license
Built from '2020.3/release' branch; Version is '2020.3.12f1 (b3b2c6512326) revision 11776710'; Using compiler version '192528614'; Build Type 'Release'
OS: 'Windows 10 Home Single Language; OS build 19042.1165; Version 2009; 64bit' Language: 'ru' Physical Memory: 12197 MB
BatchMode: 1, IsHumanControllingUs: 0, StartBugReporterOnCrash: 0, Is64bit: 1, IsPro: 0

 COMMAND LINE ARGUMENTS:
C:\Program Files\Unity\Hub\Editor\2020.3.12f1\Editor\Unity.exe
-adb2
-batchMode
-noUpm
-name
AssetImportWorker1
-projectPath
C:/Users/Роман/Documents/GitHub/Asteroids/Asteroids
-logFile
Logs/AssetImportWorker1.log
-srvPort
61039
Successfully changed project path to: C:/Users/Роман/Documents/GitHub/Asteroids/Asteroids
C:/Users/Роман/Documents/GitHub/Asteroids/Asteroids
Using Asset Import Pipeline V2.
